<?xml version="1.0" encoding="UTF-8"?>
<testsuite name="test.QAEngineer" time="21.908" tests="10" errors="0" skipped="4" failures="0">
  <properties>
[...]
</properties>
  <testcase name="BeforeStories" classname="java.lang.Object" time="0.007"/>
  <testcase name="Given I open kasirpintar homepage" classname="test.QAEngineer" time="10.394"/>
  <testcase name="When I click button &apos;karir&apos;" classname="test.QAEngineer" time="5.876"/>
  <testcase name="When I fill Quality Assurance Engineer in column field &apos;cari posisi&apos;" classname="test.QAEngineer" time="0">
    <skipped/>
    <system-out><![CDATA[When I fill Quality Assurance Engineer in column field 'cari posisi' (PENDING)
]]></system-out>
    <system-err><![CDATA[[pool-2-thread-1] INFO net.thucydides.core.steps.ConsoleLoggingListener - TEST PENDING
]]></system-err>
  </testcase>
  <testcase name="When I choose Technology in scroll bar of &apos;Divisi&apos;" classname="test.QAEngineer" time="0">
    <skipped/>
    <system-out><![CDATA[When I choose Technology in scroll bar of 'Divisi' (NOT PERFORMED)
]]></system-out>
  </testcase>
  <testcase name="When I Click Button &apos;Cari&apos;" classname="test.QAEngineer" time="0">
    <skipped/>
    <system-out><![CDATA[When I Click Button 'Cari' (NOT PERFORMED)
]]></system-out>
  </testcase>
  <testcase name="Then I got list of Quality Assurance Engineer positions" classname="test.QAEngineer" time="0">
    <skipped/>
    <system-out><![CDATA[Then I got list of Quality Assurance Engineer positions (NOT PERFORMED)
]]></system-out>
  </testcase>
  <testcase name="Scenario: Scenario Find a job Quality Assurance Engineer Success" classname="Scenario: Scenario Find a job Quality Assurance Engineer Success" time="0.259"/>
  <testcase name="QAEngineer․story" classname="QAEngineer․story" time="0.261"/>
  <testcase name="AfterStories" classname="java.lang.Object" time="5.111"/>
</testsuite>